<?xml version="1.0" encoding="UTF-8"?>
<!-- Generated by org.testng.reporters.JUnitXMLReporter -->
<testsuite ignored="36" hostname="DREAMS-PC" failures="1" tests="1" name="Default test" time="25.147" errors="0" timestamp="27 Aug 2019 09:19:23 GMT">
  <testcase classname="skwolladmin.testcases.TestcasesAdmin" name="venuesAdd" time="1.781">
    <failure type="org.openqa.selenium.InvalidArgumentException" message="Cannot click &amp;lt;input type=file&amp;gt; elements
Build info: version: &amp;apos;3.141.59&amp;apos;, revision: &amp;apos;e82be7d358&amp;apos;, time: &amp;apos;2018-11-14T08:25:48&amp;apos;
System info: host: &amp;apos;DREAMS-PC&amp;apos;, ip: &amp;apos;192.168.1.38&amp;apos;, os.name: &amp;apos;Windows 7&amp;apos;, os.arch: &amp;apos;amd64&amp;apos;, os.version: &amp;apos;6.1&amp;apos;, java.version: &amp;apos;9.0.4&amp;apos;
Driver info: org.openqa.selenium.firefox.FirefoxDriver
Capabilities {acceptInsecureCerts: true, browserName: firefox, browserVersion: 68.0.1, javascriptEnabled: true, moz:accessibilityChecks: false, moz:buildID: 20190717172542, moz:geckodriverVersion: 0.24.0, moz:headless: false, moz:processID: 9264, moz:profile: C:\Users\DREAMS\AppData\Loc..., moz:shutdownTimeout: 60000, moz:useNonSpecCompliantPointerOrigin: false, moz:webdriverClick: true, pageLoadStrategy: normal, platform: WINDOWS, platformName: WINDOWS, platformVersion: 6.1, rotatable: false, setWindowRect: true, strictFileInteractability: false, timeouts: {implicit: 0, pageLoad: 300000, script: 30000}, unhandledPromptBehavior: dismiss and notify}
Session ID: 9a07f507-dd0b-4776-a1eb-e612c1d0c0f0">
      <![CDATA[org.openqa.selenium.InvalidArgumentException: Cannot click <input type=file> elements
Build info: version: '3.141.59', revision: 'e82be7d358', time: '2018-11-14T08:25:48'
System info: host: 'DREAMS-PC', ip: '192.168.1.38', os.name: 'Windows 7', os.arch: 'amd64', os.version: '6.1', java.version: '9.0.4'
Driver info: org.openqa.selenium.firefox.FirefoxDriver
Capabilities {acceptInsecureCerts: true, browserName: firefox, browserVersion: 68.0.1, javascriptEnabled: true, moz:accessibilityChecks: false, moz:buildID: 20190717172542, moz:geckodriverVersion: 0.24.0, moz:headless: false, moz:processID: 9264, moz:profile: C:\Users\DREAMS\AppData\Loc..., moz:shutdownTimeout: 60000, moz:useNonSpecCompliantPointerOrigin: false, moz:webdriverClick: true, pageLoadStrategy: normal, platform: WINDOWS, platformName: WINDOWS, platformVersion: 6.1, rotatable: false, setWindowRect: true, strictFileInteractability: false, timeouts: {implicit: 0, pageLoad: 300000, script: 30000}, unhandledPromptBehavior: dismiss and notify}
Session ID: 9a07f507-dd0b-4776-a1eb-e612c1d0c0f0
at java.base/jdk.internal.reflect.NativeConstructorAccessorImpl.newInstance0(Native Method)
at java.base/jdk.internal.reflect.NativeConstructorAccessorImpl.newInstance(Unknown Source)
at java.base/jdk.internal.reflect.DelegatingConstructorAccessorImpl.newInstance(Unknown Source)
at java.base/java.lang.reflect.Constructor.newInstance(Unknown Source)
at org.openqa.selenium.remote.http.W3CHttpResponseCodec.createException(W3CHttpResponseCodec.java:187)
at org.openqa.selenium.remote.http.W3CHttpResponseCodec.decode(W3CHttpResponseCodec.java:122)
at org.openqa.selenium.remote.http.W3CHttpResponseCodec.decode(W3CHttpResponseCodec.java:49)
at org.openqa.selenium.remote.HttpCommandExecutor.execute(HttpCommandExecutor.java:158)
at org.openqa.selenium.remote.service.DriverCommandExecutor.execute(DriverCommandExecutor.java:83)
at org.openqa.selenium.remote.RemoteWebDriver.execute(RemoteWebDriver.java:552)
at org.openqa.selenium.remote.RemoteWebElement.execute(RemoteWebElement.java:285)
at org.openqa.selenium.remote.RemoteWebElement.click(RemoteWebElement.java:84)
at skwolladmin.testcases.TestcasesAdmin.venuesAdd(TestcasesAdmin.java:185)
at java.base/jdk.internal.reflect.NativeMethodAccessorImpl.invoke0(Native Method)
at java.base/jdk.internal.reflect.NativeMethodAccessorImpl.invoke(Unknown Source)
at java.base/jdk.internal.reflect.DelegatingMethodAccessorImpl.invoke(Unknown Source)
at java.base/java.lang.reflect.Method.invoke(Unknown Source)
at org.testng.internal.MethodInvocationHelper.invokeMethod(MethodInvocationHelper.java:124)
at org.testng.internal.Invoker.invokeMethod(Invoker.java:583)
at org.testng.internal.Invoker.invokeTestMethod(Invoker.java:719)
at org.testng.internal.Invoker.invokeTestMethods(Invoker.java:989)
at org.testng.internal.TestMethodWorker.invokeTestMethods(TestMethodWorker.java:125)
at org.testng.internal.TestMethodWorker.run(TestMethodWorker.java:109)
at org.testng.TestRunner.privateRun(TestRunner.java:648)
at org.testng.TestRunner.run(TestRunner.java:505)
at org.testng.SuiteRunner.runTest(SuiteRunner.java:455)
at org.testng.SuiteRunner.runSequentially(SuiteRunner.java:450)
at org.testng.SuiteRunner.privateRun(SuiteRunner.java:415)
at org.testng.SuiteRunner.run(SuiteRunner.java:364)
at org.testng.SuiteRunnerWorker.runSuite(SuiteRunnerWorker.java:52)
at org.testng.SuiteRunnerWorker.run(SuiteRunnerWorker.java:84)
at org.testng.TestNG.runSuitesSequentially(TestNG.java:1208)
at org.testng.TestNG.runSuitesLocally(TestNG.java:1137)
at org.testng.TestNG.runSuites(TestNG.java:1049)
at org.testng.TestNG.run(TestNG.java:1017)
at org.testng.remote.AbstractRemoteTestNG.run(AbstractRemoteTestNG.java:115)
at org.testng.remote.RemoteTestNG.initAndRun(RemoteTestNG.java:251)
at org.testng.remote.RemoteTestNG.main(RemoteTestNG.java:77)
]]>
    </failure>
  </testcase> <!-- venuesAdd -->
  <testcase classname="skwolladmin.testcases.TestcasesAdmin" name="menuSubcategoryList" time="0.0">
    <ignored/>
  </testcase> <!-- menuSubcategoryList -->
  <testcase classname="skwolladmin.testcases.TestcasesAdmin" name="menuAddProduct" time="0.0">
    <ignored/>
  </testcase> <!-- menuAddProduct -->
  <testcase classname="skwolladmin.testcases.TestcasesAdmin" name="ambassadorPlan" time="0.0">
    <ignored/>
  </testcase> <!-- ambassadorPlan -->
  <testcase classname="skwolladmin.testcases.TestcasesAdmin" name="skwollImageList" time="0.0">
    <ignored/>
  </testcase> <!-- skwollImageList -->
  <testcase classname="skwolladmin.testcases.TestcasesAdmin" name="inactiveCommentList" time="0.0">
    <ignored/>
  </testcase> <!-- inactiveCommentList -->
  <testcase classname="skwolladmin.testcases.TestcasesAdmin" name="skwollImageCategoryList" time="0.0">
    <ignored/>
  </testcase> <!-- skwollImageCategoryList -->
  <testcase classname="skwolladmin.testcases.TestcasesAdmin" name="History" time="0.0">
    <ignored/>
  </testcase> <!-- History -->
  <testcase classname="skwolladmin.testcases.TestcasesAdmin" name="Dashboard" time="0.0">
    <ignored/>
  </testcase> <!-- Dashboard -->
  <testcase classname="skwolladmin.testcases.TestcasesAdmin" name="venuesCategories" time="0.0">
    <ignored/>
  </testcase> <!-- venuesCategories -->
  <testcase classname="skwolladmin.testcases.TestcasesAdmin" name="blogCategoryList" time="0.0">
    <ignored/>
  </testcase> <!-- blogCategoryList -->
  <testcase classname="skwolladmin.testcases.TestcasesAdmin" name="subscription" time="0.0">
    <ignored/>
  </testcase> <!-- subscription -->
  <testcase classname="skwolladmin.testcases.TestcasesAdmin" name="venuesList" time="0.0">
    <ignored/>
  </testcase> <!-- venuesList -->
  <testcase classname="skwolladmin.testcases.TestcasesAdmin" name="eventList" time="0.0">
    <ignored/>
  </testcase> <!-- eventList -->
  <testcase classname="skwolladmin.testcases.TestcasesAdmin" name="usersBlockedUserList" time="0.0">
    <ignored/>
  </testcase> <!-- usersBlockedUserList -->
  <testcase classname="skwolladmin.testcases.TestcasesAdmin" name="ambassadorList" time="0.0">
    <ignored/>
  </testcase> <!-- ambassadorList -->
  <testcase classname="skwolladmin.testcases.TestcasesAdmin" name="blogAddCategory" time="0.0">
    <ignored/>
  </testcase> <!-- blogAddCategory -->
  <testcase classname="skwolladmin.testcases.TestcasesAdmin" name="SubscriptionList" time="0.0">
    <ignored/>
  </testcase> <!-- SubscriptionList -->
  <testcase classname="skwolladmin.testcases.TestcasesAdmin" name="menuAddSubcategory" time="0.0">
    <ignored/>
  </testcase> <!-- menuAddSubcategory -->
  <testcase classname="skwolladmin.testcases.TestcasesAdmin" name="couponList" time="0.0">
    <ignored/>
  </testcase> <!-- couponList -->
  <testcase classname="skwolladmin.testcases.TestcasesAdmin" name="menuCategoryList" time="0.0">
    <ignored/>
  </testcase> <!-- menuCategoryList -->
  <testcase classname="skwolladmin.testcases.TestcasesAdmin" name="menuAddHappyHour" time="0.0">
    <ignored/>
  </testcase> <!-- menuAddHappyHour -->
  <testcase classname="skwolladmin.testcases.TestcasesAdmin" name="usersAddUsers" time="0.0">
    <ignored/>
  </testcase> <!-- usersAddUsers -->
  <testcase classname="skwolladmin.testcases.TestcasesAdmin" name="menuHappyHourList" time="0.0">
    <ignored/>
  </testcase> <!-- menuHappyHourList -->
  <testcase classname="skwolladmin.testcases.TestcasesAdmin" name="venuesBlockedVenueList" time="0.0">
    <ignored/>
  </testcase> <!-- venuesBlockedVenueList -->
  <testcase classname="skwolladmin.testcases.TestcasesAdmin" name="stripeAddMoney" time="0.0">
    <ignored/>
  </testcase> <!-- stripeAddMoney -->
  <testcase classname="skwolladmin.testcases.TestcasesAdmin" name="massNotificationList" time="0.0">
    <ignored/>
  </testcase> <!-- massNotificationList -->
  <testcase classname="skwolladmin.testcases.TestcasesAdmin" name="venuesAddBartender" time="0.0">
    <ignored/>
  </testcase> <!-- venuesAddBartender -->
  <testcase classname="skwolladmin.testcases.TestcasesAdmin" name="blogList" time="0.0">
    <ignored/>
  </testcase> <!-- blogList -->
  <testcase classname="skwolladmin.testcases.TestcasesAdmin" name="venuesBartender" time="0.0">
    <ignored/>
  </testcase> <!-- venuesBartender -->
  <testcase classname="skwolladmin.testcases.TestcasesAdmin" name="menuProductList" time="0.0">
    <ignored/>
  </testcase> <!-- menuProductList -->
  <testcase classname="skwolladmin.testcases.TestcasesAdmin" name="venuesNewvenuerequests" time="0.0">
    <ignored/>
  </testcase> <!-- venuesNewvenuerequests -->
  <testcase classname="skwolladmin.testcases.TestcasesAdmin" name="usersEnquiryList" time="0.0">
    <ignored/>
  </testcase> <!-- usersEnquiryList -->
  <testcase classname="skwolladmin.testcases.TestcasesAdmin" name="usersUserList" time="0.0">
    <ignored/>
  </testcase> <!-- usersUserList -->
  <testcase classname="skwolladmin.testcases.TestcasesAdmin" name="userfeedback" time="0.0">
    <ignored/>
  </testcase> <!-- userfeedback -->
  <testcase classname="skwolladmin.testcases.TestcasesAdmin" name="menuAddCategory" time="0.0">
    <ignored/>
  </testcase> <!-- menuAddCategory -->
  <testcase classname="skwolladmin.testcases.TestcasesAdmin" name="welcomeDrink" time="0.0">
    <ignored/>
  </testcase> <!-- welcomeDrink -->
</testsuite> <!-- Default test -->
