<?xml version="1.0" encoding="UTF-8"?>
<testng-results ignored="23" total="24" passed="1" failed="0" skipped="0">
  <reporter-output>
  </reporter-output>
  <suite started-at="2019-06-18T09:48:50Z" name="Default suite" finished-at="2019-06-18T09:49:09Z" duration-ms="19319">
    <groups>
    </groups>
    <test started-at="2019-06-18T09:48:50Z" name="Default test" finished-at="2019-06-18T09:49:09Z" duration-ms="19319">
      <class name="skwolladmin.testcases.TestcasesAdmin">
        <test-method is-config="true" signature="skwollLB()[pri:0, instance:skwolladmin.testcases.TestcasesAdmin@32910148]" started-at="2019-06-18T09:48:50Z" name="skwollLB" finished-at="2019-06-18T09:48:55Z" duration-ms="4667" status="PASS">
          <reporter-output>
          </reporter-output>
        </test-method> <!-- skwollLB -->
        <test-method is-config="true" signature="skwollLN()[pri:0, instance:skwolladmin.testcases.TestcasesAdmin@32910148]" started-at="2019-06-18T09:48:55Z" name="skwollLN" finished-at="2019-06-18T09:49:04Z" duration-ms="9364" status="PASS">
          <reporter-output>
          </reporter-output>
        </test-method> <!-- skwollLN -->
        <test-method signature="blogAddBlog()[pri:0, instance:skwolladmin.testcases.TestcasesAdmin@32910148]" started-at="2019-06-18T09:49:04Z" name="blogAddBlog" finished-at="2019-06-18T09:49:06Z" duration-ms="1490" status="PASS">
          <reporter-output>
          </reporter-output>
        </test-method> <!-- blogAddBlog -->
        <test-method is-config="true" signature="skwollLO()[pri:0, instance:skwolladmin.testcases.TestcasesAdmin@32910148]" started-at="2019-06-18T09:49:06Z" name="skwollLO" finished-at="2019-06-18T09:49:09Z" duration-ms="3540" status="PASS">
          <reporter-output>
          </reporter-output>
        </test-method> <!-- skwollLO -->
        <test-method is-config="true" signature="skwollCB()[pri:0, instance:skwolladmin.testcases.TestcasesAdmin@32910148]" started-at="2019-06-18T09:49:09Z" name="skwollCB" finished-at="2019-06-18T09:49:09Z" duration-ms="219" status="PASS">
          <reporter-output>
          </reporter-output>
        </test-method> <!-- skwollCB -->
      </class> <!-- skwolladmin.testcases.TestcasesAdmin -->
    </test> <!-- Default test -->
  </suite> <!-- Default suite -->
</testng-results>
