<?xml version="1.0" encoding="UTF-8"?>
<testng-results ignored="15" total="16" passed="1" failed="0" skipped="0">
  <reporter-output>
  </reporter-output>
  <suite started-at="2019-05-02T05:31:08Z" name="Default suite" finished-at="2019-05-02T05:36:26Z" duration-ms="318419">
    <groups>
    </groups>
    <test started-at="2019-05-02T05:31:08Z" name="Default test" finished-at="2019-05-02T05:36:26Z" duration-ms="318419">
      <class name="skwoll.testcases.LoginTest">
        <test-method is-config="true" signature="skwollLB()[pri:0, instance:skwoll.testcases.LoginTest@2118cddf]" started-at="2019-05-02T05:31:08Z" name="skwollLB" finished-at="2019-05-02T05:31:11Z" duration-ms="3665" status="PASS">
          <reporter-output>
          </reporter-output>
        </test-method> <!-- skwollLB -->
        <test-method is-config="true" signature="skwollLN()[pri:0, instance:skwoll.testcases.LoginTest@2118cddf]" started-at="2019-05-02T05:31:11Z" name="skwollLN" finished-at="2019-05-02T05:32:39Z" duration-ms="88231" status="PASS">
          <reporter-output>
          </reporter-output>
        </test-method> <!-- skwollLN -->
        <test-method signature="Dashboard()[pri:0, instance:skwoll.testcases.LoginTest@2118cddf]" started-at="2019-05-02T05:32:39Z" name="Dashboard" finished-at="2019-05-02T05:36:21Z" duration-ms="221854" status="PASS">
          <reporter-output>
          </reporter-output>
        </test-method> <!-- Dashboard -->
        <test-method is-config="true" signature="skwollLO()[pri:0, instance:skwoll.testcases.LoginTest@2118cddf]" started-at="2019-05-02T05:36:21Z" name="skwollLO" finished-at="2019-05-02T05:36:26Z" duration-ms="4217" status="PASS">
          <reporter-output>
          </reporter-output>
        </test-method> <!-- skwollLO -->
        <test-method is-config="true" signature="skwollCB()[pri:0, instance:skwoll.testcases.LoginTest@2118cddf]" started-at="2019-05-02T05:36:26Z" name="skwollCB" finished-at="2019-05-02T05:36:26Z" duration-ms="425" status="PASS">
          <reporter-output>
          </reporter-output>
        </test-method> <!-- skwollCB -->
      </class> <!-- skwoll.testcases.LoginTest -->
    </test> <!-- Default test -->
  </suite> <!-- Default suite -->
</testng-results>
